<?xml version="1.0" encoding="UTF-8"?>
<!-- Generated by org.testng.reporters.JUnitReportReporter -->
<testsuite skipped="0" hostname="DESKTOP-HFCM747" name="TestNG.Parameter" tests="1" failures="0" timestamp="2021-10-09T14:44:47 IST" time="0.010" errors="0">
  <testcase name="f" time="0.010" classname="TestNG.Parameter"/>
  <system-out/>
</testsuite> <!-- TestNG.Parameter -->
