<?xml version="1.0" encoding="UTF-8"?>
<!-- Generated by org.testng.reporters.JUnitReportReporter -->
<testsuite skipped="1" hostname="DESKTOP-HFCM747" name="TestNG.BasicTestNG" tests="2" failures="0" timestamp="2021-10-09T14:43:23 IST" time="0.007" errors="0">
  <testcase name="f" time="0.007" classname="TestNG.BasicTestNG"/>
  <system-out/>
  <testcase name="f1" classname="TestNG.BasicTestNG">
    <skipped/>
  </testcase> <!-- f1 -->
  <system-out/>
</testsuite> <!-- TestNG.BasicTestNG -->
